.Columns(4).Header1.Caption = IIF(oAriaApplication.oActivelang.cLang_ID = "EN","Booked" ,ThisFormSet.GetHeaderText("LANG_LabelBook",ThisFormSet.HeaderAlias))1
Error in line 2934 of ariaformset.msorttranbylineno (record 7): Syntax error.
.Columns(5).Header1.Caption = IIF(oAriaApplication.oActivelang.cLang_ID = "EN","Booked" ,ThisFormSet.GetHeaderText("LANG_LabelBook",ThisFormSet.HeaderAlias))2
Error in line 2937 of ariaformset.msorttranbylineno (record 7): Syntax error.
.Columns(4).Header1.Caption = IIF(oAriaApplication.oActivelang.cLang_ID = "EN","Booked" ,ThisFormSet.GetHeaderText("LANG_LabelBook",ThisFormSet.HeaderAlias))3
Error in line 3032 of ariaformset.msorttranbylineno (record 7): Syntax error.
.Columns(5).Header1.Caption = IIF(oAriaApplication.oActivelang.cLang_ID = "EN","Booked" ,ThisFormSet.GetHeaderText("LANG_LabelBook",ThisFormSet.HeaderAlias))4
Error in line 3036 of ariaformset.msorttranbylineno (record 7): Syntax error.
.Columns(6).Header1.Caption = IIF(oAriaApplication.oActivelang.cLang_ID = "EN","Booked" ,ThisFormSet.GetHeaderText("LANG_LabelBook",ThisFormSet.HeaderAlias))5
Error in line 3040 of ariaformset.msorttranbylineno (record 7): Syntax error.
.Columns(4).Header1.Caption = IIF(oAriaApplication.oActivelang.cLang_ID = "EN","Booked" ,ThisFormSet.GetHeaderText("LANG_LabelBook",ThisFormSet.HeaderAlias))1
Error in line 3974 of ariaformset.msorttranbystore (record 7): Syntax error.
.Columns(5).Header1.Caption = IIF(oAriaApplication.oActivelang.cLang_ID = "EN","Booked" ,ThisFormSet.GetHeaderText("LANG_LabelBook",ThisFormSet.HeaderAlias))2
Error in line 3977 of ariaformset.msorttranbystore (record 7): Syntax error.
.Columns(4).Header1.Caption = IIF(oAriaApplication.oActivelang.cLang_ID = "EN","Booked" ,ThisFormSet.GetHeaderText("LANG_LabelBook",ThisFormSet.HeaderAlias))3
Error in line 4177 of ariaformset.msorttranbystore (record 7): Syntax error.
.Columns(5).Header1.Caption = IIF(oAriaApplication.oActivelang.cLang_ID = "EN","Booked" ,ThisFormSet.GetHeaderText("LANG_LabelBook",ThisFormSet.HeaderAlias))4
Error in line 4180 of ariaformset.msorttranbystore (record 7): Syntax error.
.Columns(6).Header1.Caption = IIF(oAriaApplication.oActivelang.cLang_ID = "EN","Booked" ,ThisFormSet.GetHeaderText("LANG_LabelBook",ThisFormSet.HeaderAlias))5
Error in line 4183 of ariaformset.msorttranbystore (record 7): Syntax error.
.Columns(2).Header1.Caption = IIF(oAriaApplication.oActivelang.cLang_ID = "EN","Shipped",ThisFormSet.GetHeaderText("LANG_LabelShp",ThisFormSet.HeaderAlias))1
Error in line 4240 of ariaformset.msorttranbystore (record 7): Syntax error.
.Columns(4).Header1.Caption = IIF(oAriaApplication.oActivelang.cLang_ID = "EN","Booked" ,ThisFormSet.GetHeaderText("LANG_LabelBook",ThisFormSet.HeaderAlias))1
Error in line 4916 of ariaformset.msorttranbystyle (record 7): Syntax error.
.Columns(5).Header1.Caption = IIF(oAriaApplication.oActivelang.cLang_ID = "EN","Booked" ,ThisFormSet.GetHeaderText("LANG_LabelBook",ThisFormSet.HeaderAlias))2
Error in line 4919 of ariaformset.msorttranbystyle (record 7): Syntax error.
.Columns(4).Header1.Caption = IIF(oAriaApplication.oActivelang.cLang_ID = "EN","Booked" ,ThisFormSet.GetHeaderText("LANG_LabelBook",ThisFormSet.HeaderAlias))3
Error in line 5120 of ariaformset.msorttranbystyle (record 7): Syntax error.
.Columns(5).Header1.Caption = IIF(oAriaApplication.oActivelang.cLang_ID = "EN","Booked" ,ThisFormSet.GetHeaderText("LANG_LabelBook",ThisFormSet.HeaderAlias))4
Error in line 5123 of ariaformset.msorttranbystyle (record 7): Syntax error.
.Columns(6).Header1.Caption = IIF(oAriaApplication.oActivelang.cLang_ID = "EN","Booked" ,ThisFormSet.GetHeaderText("LANG_LabelBook",ThisFormSet.HeaderAlias))5
Error in line 5126 of ariaformset.msorttranbystyle (record 7): Syntax error.
.Columns(2).Header1.Caption = IIF(oAriaApplication.oActivelang.cLang_ID = "EN","Shipped",ThisFormSet.GetHeaderText("LANG_LabelShp",ThisFormSet.HeaderAlias))1
Error in line 5184 of ariaformset.msorttranbystyle (record 7): Syntax error.
