Visual Class Library y:\inbox\review\aria4xp\classes\globals.vcx has the following errors:
    Unknown LAINFARRAY - Undefined

Visual Class Library y:\inbox\review\aria4xp\classes\utility.vcx has the following errors:
    Unknown GFSYSOPEN - Undefined
    Unknown LASCRMODE - Undefined
    Proc./Func. GPCHARGES - Undefined
    Proc./Func. GPUPSCHRG - Undefined

Program y:\inbox\review\aria4xp\prgs\sy\aria.prg has the following errors:
    Unknown LAARRAYNAM - Undefined
    Unknown LNLINENO - Undefined
    Unknown LCFILESTRUC - Undefined
    Unknown LAQTY - Undefined
    Unknown LCCODEVAL - Undefined
    Unknown GFDIALOG - Undefined
    Unknown LARETVAL - Undefined
    Proc./Func. LPPRESSF1 - Undefined
    Unknown LAFILTERARRAY - Undefined
    Unknown LARANGEINFO - Undefined
    Unknown LCFOXSTRUCT - Undefined
    Unknown LAPRUSRFIELDS - Undefined

Program y:\inbox\review\aria4xp\prgs\sy\gfstycrl.prg has the following errors:
    Unknown LAGLINVARY - Undefined
    Unknown LAADJSTK - Undefined
    Unknown LALOCKINFO - Undefined

Visual Class Library y:\inbox\review\aria4xp\classes\optiongrid.vcx has the following errors:
    Unknown LASERVER - Undefined
    Unknown LAOGTABLES - Undefined
    Unknown LAOGFIELDN - Undefined
    Unknown LAOGFIELDH - Undefined
    Unknown GAREPVARS - Undefined
    Unknown GAOGFXFLT - Undefined
    Unknown GAOGVRFLT - Undefined
    Unknown LANEWFILTER - Undefined
    Unknown GETRPFIELD - Undefined
    Unknown GETRPFILE - Undefined
    Unknown LFINITVALUE - Undefined
    Unknown LAFILTER - Undefined
    Unknown LAFILTERS - Undefined
    Unknown LCSTRUCTURE - Undefined

Visual Class Library y:\inbox\review\aria4xp\classes\ariamover.vcx has the following errors:
    File NODROP02.CUR - Undefined

Form y:\inbox\review\aria4xp\screens\sy\sygraph.scx has the following errors:
    Unknown LCFIELDS - Undefined
    Unknown LASELFIELDS - Undefined

Form y:\inbox\review\aria4xp\screens\sy\browse.scx has the following errors:
    Unknown LAEXPRESSION - Undefined
    Unknown LAINPUTMASK - Undefined

Program y:\inbox\review\aria4xp\prgs\sy\gfehan.prg has the following errors:
    Unknown GFFIXDBF - Undefined

Form y:\inbox\review\aria4xp\screens\sy\daterng.scx has the following errors:
    Unknown LFVPBOK - Undefined

Program y:\inbox\review\aria4xp\prgs\sy\gfopgrid.prg has the following errors:
    Unknown GFGETOPTIONGRIDVARS - Undefined
    Unknown GFINITOPTIONGRIDVARS - Undefined

Program y:\inbox\review\aria4xp\prgs\sy\gfitemcrl.prg has the following errors:
    Unknown LAGLINVARY - Undefined
    Unknown LAADJSTK - Undefined
    Unknown LALOCKINFO - Undefined

Visual Class Library y:\inbox\review\aria4xp\classes\main.vcx has the following errors:
    Proc./Func. GPCHARGES - Undefined
    Proc./Func. GPUPSCHRG - Undefined
    Unknown TAFILEFILTER - Undefined
    Unknown LADATA - Undefined
    Unknown LAFILEFILTER - Undefined
    Unknown LAFLDSVAL - Undefined
    Unknown LAREPFLTR - Undefined
    Unknown LAOGFXFLT - Undefined
    Unknown LAOGVRFLT - Undefined
    Unknown LAVARS - Undefined

Visual Class Library y:\inbox\review\aria4xp\classes\_reportlistener.vcx has the following errors:
    Visual Class Library _FRXCURSOR - Undefined

