Line 23: Class vbalListViewLib6.vbalListViewCtl of control lvwMain was not a loaded control class.
Line 336: Class vbalIml6.vbalImageList of control ilsIcons32 was not a loaded control class.
Line 350: Class vbalIml6.vbalImageList of control ilsIcons16 was not a loaded control class.
Line 362: Class vbalIml6.vbalImageList of control ilsIcons48 was not a loaded control class.
Line 29: The property name _ExtentX in lvwMain is invalid.
Line 30: The property name _ExtentY in lvwMain is invalid.
Line 40: The property name MultiSelect in lvwMain is invalid.
Line 41: The property name LabelEdit in lvwMain is invalid.
Line 42: The property name AutoArrange in lvwMain is invalid.
Line 43: The property name HeaderButtons in lvwMain is invalid.
Line 44: The property name HeaderTrackSelect in lvwMain is invalid.
Line 45: The property name HideSelection in lvwMain is invalid.
Line 46: The property name InfoTips in lvwMain is invalid.
Line 339: The property name _ExtentX in ilsIcons32 is invalid.
Line 340: The property name _ExtentY in ilsIcons32 is invalid.
Line 341: The property name IconSizeX in ilsIcons32 is invalid.
Line 342: The property name IconSizeY in ilsIcons32 is invalid.
Line 343: The property name ColourDepth in ilsIcons32 is invalid.
Line 344: The property name Size in ilsIcons32 is invalid.
Line 345: The property name Images in ilsIcons32 is invalid.
Line 346: The property name Version in ilsIcons32 is invalid.
Line 347: The property name KeyCount in ilsIcons32 is invalid.
Line 348: The property name Keys in ilsIcons32 is invalid.
Line 353: The property name _ExtentX in ilsIcons16 is invalid.
Line 354: The property name _ExtentY in ilsIcons16 is invalid.
Line 355: The property name ColourDepth in ilsIcons16 is invalid.
Line 356: The property name Size in ilsIcons16 is invalid.
Line 357: The property name Images in ilsIcons16 is invalid.
Line 358: The property name Version in ilsIcons16 is invalid.
Line 359: The property name KeyCount in ilsIcons16 is invalid.
Line 360: The property name Keys in ilsIcons16 is invalid.
Line 365: The property name _ExtentX in ilsIcons48 is invalid.
Line 366: The property name _ExtentY in ilsIcons48 is invalid.
Line 367: The property name IconSizeX in ilsIcons48 is invalid.
Line 368: The property name IconSizeY in ilsIcons48 is invalid.
Line 369: The property name ColourDepth in ilsIcons48 is invalid.
Line 370: The property name Size in ilsIcons48 is invalid.
Line 371: The property name Images in ilsIcons48 is invalid.
Line 372: The property name Version in ilsIcons48 is invalid.
Line 373: The property name KeyCount in ilsIcons48 is invalid.
Line 374: The property name Keys in ilsIcons48 is invalid.
