Visual Class Library d:\aria4xp\classes\main.vcx has the following errors:
    Unknown GFDATABASEPROP - Undefined
    Unknown GFBROWSE - Undefined
    Unknown GFPHONETEM - Undefined
    Unknown GFTEMPNAME - Undefined
    Unknown OGINRANG - Undefined
    Unknown GFOPENFILE - Undefined
    Unknown GFCRTTMP - Undefined
    Proc./Func. GPCHARGES - Undefined
    Proc./Func. GPUPSCHRG - Undefined
    Unknown GFRLTFLD - Undefined
    Unknown ARIABROW - Undefined
    Unknown TAFILEFILTER - Undefined
    Unknown GFMODALGEN - Undefined
    Unknown GFGETPRICE - Undefined
    Unknown GFDOTRIGER - Undefined
    Unknown GFGETMEMVAR - Undefined
    Unknown GFITEMMASK - Undefined
    Unknown GFPREPBROW - Undefined
    Unknown LAFILEFILTER - Undefined
    Unknown GFGENFLT - Undefined
    Unknown GFTOOLTIPSHIFT - Undefined
    Unknown GFTOOLTIPASSIGN - Undefined
    Unknown GFMOUSEENTER - Undefined
    Unknown LFGETSYSCOLORS - Undefined
    Unknown GFUSERPRIV - Undefined
    Unknown CUSBROWS - Undefined
    Unknown GFCODDES - Undefined
    Proc./Func. GPADSTYWAR - Undefined
    Unknown LADATA - Undefined
    Unknown GFOTSDISP - Undefined
    Unknown GFADDPERFLOG - Undefined
    Unknown GFOPGRID - Undefined
    Unknown GFGETTOPLEVELFROM - Undefined
    Unknown LAFLDSVAL - Undefined
    Unknown GFGETTIME - Undefined
    Unknown LAREPFLTR - Undefined
    Unknown LAOGFXFLT - Undefined
    Unknown LAOGVRFLT - Undefined
    Unknown LAVARS - Undefined
    Unknown GFSTRTOEXP - Undefined
    Unknown GFEXECUTE - Undefined
    Unknown NOTEPAD - Undefined
    Unknown GFAUDTRL - Undefined
    Unknown GFADD_INFO - Undefined
    Unknown GFGETTABLEINFO - Undefined
    Unknown GFUSERLIST - Undefined
    Form SYLOGIN - Undefined
    Proc./Func. GFMENUBAR - Undefined
    Proc./Func. GPEXIT - Undefined
    Unknown GFPERFLOGUSERINFO - Undefined
    Unknown GFTOGLERR - Undefined
    Program SYACTKEY - Undefined
    Proc./Func. GFEHAN - Undefined
    Unknown GFERRORTRAP - Undefined
    Form SYCONSTR - Undefined

Visual Class Library d:\aria4xp\classes\ariaexplorer.vcx has the following errors:
    Unknown GFTEMPNAME - Undefined
    Unknown GFADDPERFLOG - Undefined
    Proc./Func. GFMENUBAR - Undefined

Visual Class Library d:\aria4xp\classes\utility.vcx has the following errors:
    Unknown GFBROWSE - Undefined
    Unknown GFTEMPNAME - Undefined
    Unknown GFOPENFILE - Undefined
    Unknown GFCRTTMP - Undefined
    Proc./Func. GPCHARGES - Undefined
    Proc./Func. GPUPSCHRG - Undefined
    Unknown GFRLTFLD - Undefined
    Unknown ARIABROW - Undefined
    Unknown GFMODALGEN - Undefined
    Unknown GFGETMEMVAR - Undefined
    Unknown GFITEMMASK - Undefined
    Unknown GFPREPBROW - Undefined
    Unknown GFUSERPRIV - Undefined
    Proc./Func. GPADSTYWAR - Undefined
    Unknown GFOTSDISP - Undefined
    Unknown GFOPGRID - Undefined
    Unknown GFEXECUTE - Undefined
    Unknown GFGLBROWSE - Undefined
    Unknown GFBROWS - Undefined
    Unknown GFOPENTABLE - Undefined
    Unknown GFSEEK - Undefined
    Unknown GFCLOSETABLE - Undefined
    Unknown GFISEDTBLE - Undefined
    Unknown GFCONFGBRW - Undefined
    Unknown SDYEBROW - Undefined
    Unknown GFGETDATADIR - Undefined
    Unknown GFSYSOPEN - Undefined
    Unknown GFADEL - Undefined
    Unknown LASCRMODE - Undefined
    Unknown GFITEMBROW - Undefined
    Unknown GFOPNSQLFL - Undefined

